<?xml version='1.0'?>
<ns2:test-suite xmlns:ns2='urn:model.allure.qatools.yandex.ru' start='1666971627470' stop='1666971628769'>
    <name>Telnyx header test</name>
    <title>Telnyx header test</title>
    <test-cases>
        <test-case start='1666971627470' status='passed' stop='1666971627606'>
            <name>should detect if the menu section is visible</name>
            <title>should detect if the menu section is visible</title>
            <labels>
                <label name='language' value='javascript'/>
                <label name='framework' value='wdio'/>
                <label name='thread' value='0-2'/>
                <label name='feature' value='should detect if the menu section is visible'/>
            </labels>
            <parameters>
                <parameter kind='argument' name='browser' value='Chrome-107.0.0.0'/>
            </parameters>
            <steps/>
            <attachments/>
        </test-case>
        <test-case start='1666971627607' status='failed' stop='1666971628518'>
            <name>should detect if the Elastic SIP Trunking section is displayed</name>
            <title>should detect if the Elastic SIP Trunking section is displayed</title>
            <labels>
                <label name='language' value='javascript'/>
                <label name='framework' value='wdio'/>
                <label name='thread' value='0-2'/>
            </labels>
            <parameters>
                <parameter kind='argument' name='browser' value='Chrome-107.0.0.0'/>
            </parameters>
            <steps/>
            <attachments>
                <attachment title='Screenshot' source='bea6b859-5518-4ac3-ad31-dc9db08b19e9-attachment.png' type='image/png' size='404069'/>
            </attachments>
            <failure>
                <message>false == true      
                      actual expected
                      
                      falsetrue
                      </message>
                <stack-trace>AssertionError [ERR_ASSERTION]: false == true
                    at MainHeaderPage.elem1FromOpenMSisDisplayed (C:\Data Development\Work\Luxe Quality\Projects\20testswebdriverio\webdriverio20\test\pageobjects\main.header.page.js:56:16)
                    at processTicksAndRejections (node:internal/process/task_queues:96:5)
                    at async Context.&lt;anonymous> (C:\Data Development\Work\Luxe Quality\Projects\20testswebdriverio\webdriverio20\test\specs\main.header.js:22:9)</stack-trace>
            </failure>
        </test-case>
        <test-case start='1666971628519' status='passed' stop='1666971628546'>
            <name>should detect if the talk to expert button is clickable</name>
            <title>should detect if the talk to expert button is clickable</title>
            <labels>
                <label name='language' value='javascript'/>
                <label name='framework' value='wdio'/>
                <label name='thread' value='0-2'/>
                <label name='feature' value='should detect if the talk to expert button is clickable'/>
            </labels>
            <parameters>
                <parameter kind='argument' name='browser' value='Chrome-107.0.0.0'/>
            </parameters>
            <steps/>
            <attachments/>
        </test-case>
        <test-case start='1666971628546' status='passed' stop='1666971628568'>
            <name>should detect if the Sign up button is clickable</name>
            <title>should detect if the Sign up button is clickable</title>
            <labels>
                <label name='language' value='javascript'/>
                <label name='framework' value='wdio'/>
                <label name='thread' value='0-2'/>
                <label name='feature' value='should detect if the Sign up button is clickable'/>
            </labels>
            <parameters>
                <parameter kind='argument' name='browser' value='Chrome-107.0.0.0'/>
            </parameters>
            <steps/>
            <attachments/>
        </test-case>
        <test-case start='1666971628569' status='passed' stop='1666971628600'>
            <name>should detect if the Call Us buttom is visible</name>
            <title>should detect if the Call Us buttom is visible</title>
            <labels>
                <label name='language' value='javascript'/>
                <label name='framework' value='wdio'/>
                <label name='thread' value='0-2'/>
                <label name='feature' value='should detect if the Call Us buttom is visible'/>
            </labels>
            <parameters>
                <parameter kind='argument' name='browser' value='Chrome-107.0.0.0'/>
            </parameters>
            <steps/>
            <attachments/>
        </test-case>
        <test-case start='1666971628601' status='passed' stop='1666971628631'>
            <name>should detect if the Support Center link is visible</name>
            <title>should detect if the Support Center link is visible</title>
            <labels>
                <label name='language' value='javascript'/>
                <label name='framework' value='wdio'/>
                <label name='thread' value='0-2'/>
                <label name='feature' value='should detect if the Support Center link is visible'/>
            </labels>
            <parameters>
                <parameter kind='argument' name='browser' value='Chrome-107.0.0.0'/>
            </parameters>
            <steps/>
            <attachments/>
        </test-case>
        <test-case start='1666971628631' status='passed' stop='1666971628681'>
            <name>should detect if the Log In link is visible</name>
            <title>should detect if the Log In link is visible</title>
            <labels>
                <label name='language' value='javascript'/>
                <label name='framework' value='wdio'/>
                <label name='thread' value='0-2'/>
                <label name='feature' value='should detect if the Log In link is visible'/>
            </labels>
            <parameters>
                <parameter kind='argument' name='browser' value='Chrome-107.0.0.0'/>
            </parameters>
            <steps/>
            <attachments/>
        </test-case>
        <test-case start='1666971628681' status='passed' stop='1666971628720'>
            <name>should detect the focus of the Products section</name>
            <title>should detect the focus of the Products section</title>
            <labels>
                <label name='language' value='javascript'/>
                <label name='framework' value='wdio'/>
                <label name='thread' value='0-2'/>
                <label name='feature' value='should detect the focus of the Products section'/>
            </labels>
            <parameters>
                <parameter kind='argument' name='browser' value='Chrome-107.0.0.0'/>
            </parameters>
            <steps/>
            <attachments/>
        </test-case>
        <test-case start='1666971628720' status='passed' stop='1666971628767'>
            <name>should detect the focus of the Network section</name>
            <title>should detect the focus of the Network section</title>
            <labels>
                <label name='language' value='javascript'/>
                <label name='framework' value='wdio'/>
                <label name='thread' value='0-2'/>
                <label name='feature' value='should detect the focus of the Network section'/>
            </labels>
            <parameters>
                <parameter kind='argument' name='browser' value='Chrome-107.0.0.0'/>
            </parameters>
            <steps/>
            <attachments/>
        </test-case>
    </test-cases>
</ns2:test-suite>