<?xml version='1.0'?>
<ns2:test-suite xmlns:ns2='urn:model.allure.qatools.yandex.ru' start='1666935373404' stop='1666935378922'>
    <name>Telnyx main page test</name>
    <title>Telnyx main page test</title>
    <test-cases>
        <test-case start='1666935373404' status='pending' stop='1666935373404'>
            <name>should login with valid credentials</name>
            <title>should login with valid credentials</title>
            <labels/>
            <parameters/>
            <steps/>
            <attachments/>
            <failure>
                <message>Test ignored</message>
                <stack-trace>undefined</stack-trace>
            </failure>
        </test-case>
        <test-case start='1666935373405' status='broken' stop='1666935378919'>
            <name>Checks if website has a specific title.</name>
            <title>Checks if website has a specific title.</title>
            <labels>
                <label name='language' value='javascript'/>
                <label name='framework' value='wdio'/>
                <label name='thread' value='0-0'/>
            </labels>
            <parameters>
                <parameter kind='argument' name='browser' value='Chrome-107.0.0.0'/>
            </parameters>
            <steps/>
            <attachments>
                <attachment title='Screenshot' source='ea3ff961-3bd5-4072-9910-f2a670842e26-attachment.png' type='image/png' size='70985'/>
            </attachments>
            <failure>
                <message>browser.call is not a function</message>
                <stack-trace>TypeError: browser.call is not a function
                    at Object.toHaveTitleFn (C:\Data Development\Work\Luxe Quality\Projects\20testswebdriverio\webdriverio20\node_modules\expect-webdriverio\lib\matchers\browser\toHaveTitle.js:9:20)
                    at Object.runJestExpect (C:\Data Development\Work\Luxe Quality\Projects\20testswebdriverio\webdriverio20\node_modules\expect-webdriverio\lib\util\expectAdapter.js:10:15)
                    at Object.toHaveTitle (C:\Data Development\Work\Luxe Quality\Projects\20testswebdriverio\webdriverio20\node_modules\expect-webdriverio\lib\matchers\browser\toHaveTitle.js:24:38)
                    at __EXTERNAL_MATCHER_TRAP__ (C:\Data Development\Work\Luxe Quality\Projects\20testswebdriverio\webdriverio20\node_modules\expect\build\index.js:346:30)
                    at Object.throwingMatcher [as toHaveTitle] (C:\Data Development\Work\Luxe Quality\Projects\20testswebdriverio\webdriverio20\node_modules\expect\build\index.js:347:15)
                    at Context.&lt;anonymous> (C:\Data Development\Work\Luxe Quality\Projects\20testswebdriverio\webdriverio20\test\specs\login.js:22:40)
                    at processTicksAndRejections (node:internal/process/task_queues:96:5)</stack-trace>
            </failure>
        </test-case>
    </test-cases>
</ns2:test-suite>