<?xml version='1.0'?>
<ns2:test-suite xmlns:ns2='urn:model.allure.qatools.yandex.ru' start='1666962407112' stop='1666962408145'>
    <name>Telnyx main page test</name>
    <title>Telnyx main page test</title>
    <test-cases>
        <test-case start='1666962407113' status='passed' stop='1666962407179'>
            <name>should detect if the menu section is visible</name>
            <title>should detect if the menu section is visible</title>
            <labels>
                <label name='language' value='javascript'/>
                <label name='framework' value='wdio'/>
                <label name='thread' value='0-1'/>
                <label name='feature' value='should detect if the menu section is visible'/>
            </labels>
            <parameters>
                <parameter kind='argument' name='browser' value='Chrome-107.0.0.0'/>
            </parameters>
            <steps/>
            <attachments/>
        </test-case>
        <test-case start='1666962407179' status='failed' stop='1666962408143'>
            <name>should detect if the Elastic SIP Trunking section is displayed</name>
            <title>should detect if the Elastic SIP Trunking section is displayed</title>
            <labels>
                <label name='language' value='javascript'/>
                <label name='framework' value='wdio'/>
                <label name='thread' value='0-1'/>
            </labels>
            <parameters>
                <parameter kind='argument' name='browser' value='Chrome-107.0.0.0'/>
            </parameters>
            <steps/>
            <attachments>
                <attachment title='Screenshot' source='27ff33ff-db17-41be-b2aa-2d53d9fd5a40-attachment.png' type='image/png' size='757935'/>
            </attachments>
            <failure>
                <message>false == true      
                      actual expected
                      
                      falsetrue
                      </message>
                <stack-trace>AssertionError [ERR_ASSERTION]: false == true
                    at LoginPage.elem1FromOpenMSisDisplayed (C:\Data Development\Work\Luxe Quality\Projects\20testswebdriverio\webdriverio20\test\pageobjects\main.header.page.js:29:16)
                    at processTicksAndRejections (node:internal/process/task_queues:96:5)
                    at async Context.&lt;anonymous> (C:\Data Development\Work\Luxe Quality\Projects\20testswebdriverio\webdriverio20\test\specs\main.header.js:19:9)</stack-trace>
            </failure>
        </test-case>
    </test-cases>
</ns2:test-suite>