<?xml version='1.0'?>
<ns2:test-suite xmlns:ns2='urn:model.allure.qatools.yandex.ru' start='1666970724191' stop='1666970724653'>
    <name>Telnyx main page test</name>
    <title>Telnyx main page test</title>
    <test-cases>
        <test-case start='1666970724192' status='passed' stop='1666970724245'>
            <name>should detect if the footer is visible</name>
            <title>should detect if the footer is visible</title>
            <labels>
                <label name='language' value='javascript'/>
                <label name='framework' value='wdio'/>
                <label name='thread' value='0-1'/>
                <label name='feature' value='should detect if the footer is visible'/>
            </labels>
            <parameters>
                <parameter kind='argument' name='browser' value='Chrome-107.0.0.0'/>
            </parameters>
            <steps/>
            <attachments/>
        </test-case>
        <test-case start='1666970724247' status='failed' stop='1666970724650'>
            <name>should detect if the LinkedIn link is clickable</name>
            <title>should detect if the LinkedIn link is clickable</title>
            <labels>
                <label name='language' value='javascript'/>
                <label name='framework' value='wdio'/>
                <label name='thread' value='0-1'/>
            </labels>
            <parameters>
                <parameter kind='argument' name='browser' value='Chrome-107.0.0.0'/>
            </parameters>
            <steps/>
            <attachments>
                <attachment title='Screenshot' source='7e65f676-55d8-46d7-bde2-c5f1c338f228-attachment.png' type='image/png' size='118390'/>
            </attachments>
            <failure>
                <message>false == true      
                      actual expected
                      
                      falsetrue
                      </message>
                <stack-trace>AssertionError [ERR_ASSERTION]: false == true
                    at LoginPage.LinkedinLinkIsCl (C:\Data Development\Work\Luxe Quality\Projects\20testswebdriverio\webdriverio20\test\pageobjects\main.footer.page.js:24:16)
                    at processTicksAndRejections (node:internal/process/task_queues:96:5)
                    at async Context.&lt;anonymous> (C:\Data Development\Work\Luxe Quality\Projects\20testswebdriverio\webdriverio20\test\specs\main.footer.js:20:9)</stack-trace>
            </failure>
        </test-case>
    </test-cases>
</ns2:test-suite>