<?xml version='1.0'?>
<ns2:test-suite xmlns:ns2='urn:model.allure.qatools.yandex.ru' start='1666973194478' stop='1666973200420'>
    <name>Telnyx header test</name>
    <title>Telnyx header test</title>
    <test-cases>
        <test-case start='1666973194478' status='failed' stop='1666973195120'>
            <name>should detect if the menu section is visible</name>
            <title>should detect if the menu section is visible</title>
            <labels>
                <label name='language' value='javascript'/>
                <label name='framework' value='wdio'/>
                <label name='thread' value='1-2'/>
            </labels>
            <parameters>
                <parameter kind='argument' name='browser' value='Chrome Headless-107.0.5304.63'/>
            </parameters>
            <steps/>
            <attachments>
                <attachment title='Screenshot' source='576f34de-c457-4113-93e6-ceb4af956c91-attachment.png' type='image/png' size='367801'/>
            </attachments>
            <failure>
                <message>false == true      
                      actual expected
                      
                      falsetrue
                      </message>
                <stack-trace>AssertionError [ERR_ASSERTION]: false == true
                    at MainHeaderPage.MSisDispInViewport (C:\Data Development\Work\Luxe Quality\Projects\20testswebdriverio\webdriverio20\test\pageobjects\main.header.page.js:48:16)
                    at processTicksAndRejections (node:internal/process/task_queues:96:5)
                    at async Context.&lt;anonymous> (C:\Data Development\Work\Luxe Quality\Projects\20testswebdriverio\webdriverio20\test\specs\main.header.js:13:9)</stack-trace>
            </failure>
        </test-case>
        <test-case start='1666973195122' status='failed' stop='1666973196929'>
            <name>should detect if the Elastic SIP Trunking section is displayed</name>
            <title>should detect if the Elastic SIP Trunking section is displayed</title>
            <labels>
                <label name='language' value='javascript'/>
                <label name='framework' value='wdio'/>
                <label name='thread' value='1-2'/>
            </labels>
            <parameters>
                <parameter kind='argument' name='browser' value='Chrome Headless-107.0.5304.63'/>
            </parameters>
            <steps/>
            <attachments>
                <attachment title='Screenshot' source='6a67e96b-ce77-4cd9-84b2-c29f0fb402b4-attachment.png' type='image/png' size='370952'/>
            </attachments>
            <failure>
                <message>false == true      
                      actual expected
                      
                      falsetrue
                      </message>
                <stack-trace>AssertionError [ERR_ASSERTION]: false == true
                    at MainHeaderPage.elem1FromOpenMSisDisplayed (C:\Data Development\Work\Luxe Quality\Projects\20testswebdriverio\webdriverio20\test\pageobjects\main.header.page.js:52:16)
                    at processTicksAndRejections (node:internal/process/task_queues:96:5)
                    at async Context.&lt;anonymous> (C:\Data Development\Work\Luxe Quality\Projects\20testswebdriverio\webdriverio20\test\specs\main.header.js:21:9)</stack-trace>
            </failure>
        </test-case>
        <test-case start='1666973196929' status='failed' stop='1666973198012'>
            <name>should detect if the talk to expert button is clickable</name>
            <title>should detect if the talk to expert button is clickable</title>
            <labels>
                <label name='language' value='javascript'/>
                <label name='framework' value='wdio'/>
                <label name='thread' value='1-2'/>
            </labels>
            <parameters>
                <parameter kind='argument' name='browser' value='Chrome Headless-107.0.5304.63'/>
            </parameters>
            <steps/>
            <attachments>
                <attachment title='Screenshot' source='893146d9-7b71-4ebd-97d8-7bd95d39730e-attachment.png' type='image/png' size='370949'/>
            </attachments>
            <failure>
                <message>false == true      
                      actual expected
                      
                      falsetrue
                      </message>
                <stack-trace>AssertionError [ERR_ASSERTION]: false == true
                    at MainHeaderPage.TalkToExpertIsClickable (C:\Data Development\Work\Luxe Quality\Projects\20testswebdriverio\webdriverio20\test\pageobjects\main.header.page.js:60:16)
                    at processTicksAndRejections (node:internal/process/task_queues:96:5)
                    at async Context.&lt;anonymous> (C:\Data Development\Work\Luxe Quality\Projects\20testswebdriverio\webdriverio20\test\specs\main.header.js:28:9)</stack-trace>
            </failure>
        </test-case>
        <test-case start='1666973198013' status='failed' stop='1666973198820'>
            <name>should detect if the Sign up button is clickable</name>
            <title>should detect if the Sign up button is clickable</title>
            <labels>
                <label name='language' value='javascript'/>
                <label name='framework' value='wdio'/>
                <label name='thread' value='1-2'/>
            </labels>
            <parameters>
                <parameter kind='argument' name='browser' value='Chrome Headless-107.0.5304.63'/>
            </parameters>
            <steps/>
            <attachments>
                <attachment title='Screenshot' source='bbc0c950-3eda-48ce-b207-e7f30adddfca-attachment.png' type='image/png' size='366438'/>
            </attachments>
            <failure>
                <message>false == true      
                      actual expected
                      
                      falsetrue
                      </message>
                <stack-trace>AssertionError [ERR_ASSERTION]: false == true
                    at MainHeaderPage.SignUpIsClickable (C:\Data Development\Work\Luxe Quality\Projects\20testswebdriverio\webdriverio20\test\pageobjects\main.header.page.js:64:16)
                    at processTicksAndRejections (node:internal/process/task_queues:96:5)
                    at async Context.&lt;anonymous> (C:\Data Development\Work\Luxe Quality\Projects\20testswebdriverio\webdriverio20\test\specs\main.header.js:34:9)</stack-trace>
            </failure>
        </test-case>
        <test-case start='1666973198821' status='passed' stop='1666973198918'>
            <name>should detect if the Call Us buttom is visible</name>
            <title>should detect if the Call Us buttom is visible</title>
            <labels>
                <label name='language' value='javascript'/>
                <label name='framework' value='wdio'/>
                <label name='thread' value='1-2'/>
                <label name='feature' value='should detect if the Call Us buttom is visible'/>
            </labels>
            <parameters>
                <parameter kind='argument' name='browser' value='Chrome Headless-107.0.5304.63'/>
            </parameters>
            <steps/>
            <attachments/>
        </test-case>
        <test-case start='1666973198918' status='failed' stop='1666973199771'>
            <name>should detect if the Support Center link is visible</name>
            <title>should detect if the Support Center link is visible</title>
            <labels>
                <label name='language' value='javascript'/>
                <label name='framework' value='wdio'/>
                <label name='thread' value='1-2'/>
            </labels>
            <parameters>
                <parameter kind='argument' name='browser' value='Chrome Headless-107.0.5304.63'/>
            </parameters>
            <steps/>
            <attachments>
                <attachment title='Screenshot' source='3cbeecf1-ccaf-4519-aa1e-ea3d64b295e6-attachment.png' type='image/png' size='366454'/>
            </attachments>
            <failure>
                <message>false == true      
                      actual expected
                      
                      falsetrue
                      </message>
                <stack-trace>AssertionError [ERR_ASSERTION]: false == true
                    at MainHeaderPage.SupportCenterIsDispInViewport (C:\Data Development\Work\Luxe Quality\Projects\20testswebdriverio\webdriverio20\test\pageobjects\main.header.page.js:72:16)
                    at processTicksAndRejections (node:internal/process/task_queues:96:5)
                    at async Context.&lt;anonymous> (C:\Data Development\Work\Luxe Quality\Projects\20testswebdriverio\webdriverio20\test\specs\main.header.js:46:9)</stack-trace>
            </failure>
        </test-case>
        <test-case start='1666973199771' status='failed' stop='1666973200332'>
            <name>should detect if the Log In link is visible</name>
            <title>should detect if the Log In link is visible</title>
            <labels>
                <label name='language' value='javascript'/>
                <label name='framework' value='wdio'/>
                <label name='thread' value='1-2'/>
            </labels>
            <parameters>
                <parameter kind='argument' name='browser' value='Chrome Headless-107.0.5304.63'/>
            </parameters>
            <steps/>
            <attachments>
                <attachment title='Screenshot' source='f42f6da7-9cf0-4060-97fe-e1e69629f7af-attachment.png' type='image/png' size='366451'/>
            </attachments>
            <failure>
                <message>false == true      
                      actual expected
                      
                      falsetrue
                      </message>
                <stack-trace>AssertionError [ERR_ASSERTION]: false == true
                    at MainHeaderPage.LogInIsDispInViewport (C:\Data Development\Work\Luxe Quality\Projects\20testswebdriverio\webdriverio20\test\pageobjects\main.header.page.js:76:16)
                    at processTicksAndRejections (node:internal/process/task_queues:96:5)
                    at async Context.&lt;anonymous> (C:\Data Development\Work\Luxe Quality\Projects\20testswebdriverio\webdriverio20\test\specs\main.header.js:52:9)</stack-trace>
            </failure>
        </test-case>
        <test-case start='1666973200332' status='passed' stop='1666973200381'>
            <name>should detect the focus of the Products section</name>
            <title>should detect the focus of the Products section</title>
            <labels>
                <label name='language' value='javascript'/>
                <label name='framework' value='wdio'/>
                <label name='thread' value='1-2'/>
                <label name='feature' value='should detect the focus of the Products section'/>
            </labels>
            <parameters>
                <parameter kind='argument' name='browser' value='Chrome Headless-107.0.5304.63'/>
            </parameters>
            <steps/>
            <attachments/>
        </test-case>
        <test-case start='1666973200382' status='passed' stop='1666973200418'>
            <name>should detect the focus of the Network section</name>
            <title>should detect the focus of the Network section</title>
            <labels>
                <label name='language' value='javascript'/>
                <label name='framework' value='wdio'/>
                <label name='thread' value='1-2'/>
                <label name='feature' value='should detect the focus of the Network section'/>
            </labels>
            <parameters>
                <parameter kind='argument' name='browser' value='Chrome Headless-107.0.5304.63'/>
            </parameters>
            <steps/>
            <attachments/>
        </test-case>
    </test-cases>
</ns2:test-suite>