<?xml version='1.0'?>
<ns2:test-suite xmlns:ns2='urn:model.allure.qatools.yandex.ru' start='1666935459266' stop='1666935486476'>
    <name>Telnyx main page test</name>
    <title>Telnyx main page test</title>
    <test-cases>
        <test-case start='1666935459268' status='pending' stop='1666935459268'>
            <name>should login with valid credentials</name>
            <title>should login with valid credentials</title>
            <labels/>
            <parameters/>
            <steps/>
            <attachments/>
            <failure>
                <message>Test ignored</message>
                <stack-trace>undefined</stack-trace>
            </failure>
        </test-case>
        <test-case start='1666935459269' status='failed' stop='1666935486475'>
            <name>Checks if website has a specific title.</name>
            <title>Checks if website has a specific title.</title>
            <labels>
                <label name='language' value='javascript'/>
                <label name='framework' value='wdio'/>
                <label name='thread' value='0-0'/>
            </labels>
            <parameters>
                <parameter kind='argument' name='browser' value='Chrome-107.0.0.0'/>
            </parameters>
            <steps/>
            <attachments>
                <attachment title='Screenshot' source='24186f32-30b3-41f5-8476-6c4554d5cc3d-attachment.png' type='image/png' size='71118'/>
            </attachments>
            <failure>
                <message>Expect window to have title
                
                Expected: "Telnyx Customer Portal"
                Received: "Login / Telnyx Customer Portal"</message>
                <stack-trace>Error: Expect window to have title
                
                Expected: "Telnyx Customer Portal"
                Received: "Login / Telnyx Customer Portal"
                    at Context.&lt;anonymous> (C:\Data Development\Work\Luxe Quality\Projects\20testswebdriverio\webdriverio20\test\specs\login.js:22:31)
                    at processTicksAndRejections (node:internal/process/task_queues:96:5)</stack-trace>
            </failure>
        </test-case>
    </test-cases>
</ns2:test-suite>